C:\Users\wangwei121\source\repos\ExpressApp1\ExpressApp1\bin\utilities.js
C:\Users\wangwei121\source\repos\ExpressApp1\ExpressApp1\bin\utilities.js.map
C:\Users\wangwei121\source\repos\ExpressApp1\ExpressApp1\bin\Config.js
C:\Users\wangwei121\source\repos\ExpressApp1\ExpressApp1\bin\Config.js.map
C:\Users\wangwei121\source\repos\ExpressApp1\ExpressApp1\bin\core\environment.js
C:\Users\wangwei121\source\repos\ExpressApp1\ExpressApp1\bin\core\environment.js.map
C:\Users\wangwei121\source\repos\ExpressApp1\ExpressApp1\bin\core\entityConverter.js
C:\Users\wangwei121\source\repos\ExpressApp1\ExpressApp1\bin\core\entityConverter.js.map
C:\Users\wangwei121\source\repos\ExpressApp1\ExpressApp1\bin\AzureTable.js
C:\Users\wangwei121\source\repos\ExpressApp1\ExpressApp1\bin\AzureTable.js.map
C:\Users\wangwei121\source\repos\ExpressApp1\ExpressApp1\bin\StorageConfig.js
C:\Users\wangwei121\source\repos\ExpressApp1\ExpressApp1\bin\StorageConfig.js.map
C:\Users\wangwei121\source\repos\ExpressApp1\ExpressApp1\bin\AzureHelper.js
C:\Users\wangwei121\source\repos\ExpressApp1\ExpressApp1\bin\AzureHelper.js.map
C:\Users\wangwei121\source\repos\ExpressApp1\ExpressApp1\bin\MeeReceiptsTable.js
C:\Users\wangwei121\source\repos\ExpressApp1\ExpressApp1\bin\MeeReceiptsTable.js.map
C:\Users\wangwei121\source\repos\ExpressApp1\ExpressApp1\bin\BusinessStoreService.js
C:\Users\wangwei121\source\repos\ExpressApp1\ExpressApp1\bin\BusinessStoreService.js.map
C:\Users\wangwei121\source\repos\ExpressApp1\ExpressApp1\bin\LicenseManager.js
C:\Users\wangwei121\source\repos\ExpressApp1\ExpressApp1\bin\LicenseManager.js.map
C:\Users\wangwei121\source\repos\ExpressApp1\ExpressApp1\bin\core\guid.js
C:\Users\wangwei121\source\repos\ExpressApp1\ExpressApp1\bin\core\guid.js.map
C:\Users\wangwei121\source\repos\ExpressApp1\ExpressApp1\bin\MeeUserTable.js
C:\Users\wangwei121\source\repos\ExpressApp1\ExpressApp1\bin\MeeUserTable.js.map
C:\Users\wangwei121\source\repos\ExpressApp1\ExpressApp1\bin\MeeSignInTable.js
C:\Users\wangwei121\source\repos\ExpressApp1\ExpressApp1\bin\MeeSignInTable.js.map
C:\Users\wangwei121\source\repos\ExpressApp1\ExpressApp1\bin\Protocol.js
C:\Users\wangwei121\source\repos\ExpressApp1\ExpressApp1\bin\Protocol.js.map
C:\Users\wangwei121\source\repos\ExpressApp1\ExpressApp1\bin\Experience.js
C:\Users\wangwei121\source\repos\ExpressApp1\ExpressApp1\bin\Experience.js.map
C:\Users\wangwei121\source\repos\ExpressApp1\ExpressApp1\bin\MEEServices.js
C:\Users\wangwei121\source\repos\ExpressApp1\ExpressApp1\bin\MEEServices.js.map
C:\Users\wangwei121\source\repos\ExpressApp1\ExpressApp1\bin\Logger.js
C:\Users\wangwei121\source\repos\ExpressApp1\ExpressApp1\bin\Logger.js.map
C:\Users\wangwei121\source\repos\ExpressApp1\ExpressApp1\bin\AAD.js
C:\Users\wangwei121\source\repos\ExpressApp1\ExpressApp1\bin\AAD.js.map
C:\Users\wangwei121\source\repos\ExpressApp1\ExpressApp1\bin\AADTokens.js
C:\Users\wangwei121\source\repos\ExpressApp1\ExpressApp1\bin\AADTokens.js.map
C:\Users\wangwei121\source\repos\ExpressApp1\ExpressApp1\bin\AppInsights.js
C:\Users\wangwei121\source\repos\ExpressApp1\ExpressApp1\bin\AppInsights.js.map
C:\Users\wangwei121\source\repos\ExpressApp1\ExpressApp1\bin\AzureBlob.js
C:\Users\wangwei121\source\repos\ExpressApp1\ExpressApp1\bin\AzureBlob.js.map
C:\Users\wangwei121\source\repos\ExpressApp1\ExpressApp1\bin\server.js
C:\Users\wangwei121\source\repos\ExpressApp1\ExpressApp1\bin\server.js.map
C:\Users\wangwei121\source\repos\ExpressApp1\ExpressApp1\bin\tests\basic.js
C:\Users\wangwei121\source\repos\ExpressApp1\ExpressApp1\bin\tests\basic.js.map
C:\Users\wangwei121\source\repos\ExpressApp1\ExpressApp1\bin\tests\MeeUserTable.spec.js
C:\Users\wangwei121\source\repos\ExpressApp1\ExpressApp1\bin\tests\MeeUserTable.spec.js.map
C:\Users\wangwei121\source\repos\ExpressApp1\ExpressApp1\bin\tools\RandomGenerator.js
C:\Users\wangwei121\source\repos\ExpressApp1\ExpressApp1\bin\tools\RandomGenerator.js.map
C:\Users\wangwei121\source\repos\ExpressApp1\ExpressApp1\bin\tools\UserCopy.js
C:\Users\wangwei121\source\repos\ExpressApp1\ExpressApp1\bin\tools\UserCopy.js.map
C:\Users\wangwei121\source\repos\ExpressApp1\ExpressApp1\bin\tests\MeeCopyTest.spec.js
C:\Users\wangwei121\source\repos\ExpressApp1\ExpressApp1\bin\tests\MeeCopyTest.spec.js.map
C:\Users\wangwei121\source\repos\ExpressApp1\ExpressApp1\bin\tests\MeeSignInTable.spec.js
C:\Users\wangwei121\source\repos\ExpressApp1\ExpressApp1\bin\tests\MeeSignInTable.spec.js.map
C:\Users\wangwei121\source\repos\ExpressApp1\ExpressApp1\bin\tests\ServerTests.spec.js
C:\Users\wangwei121\source\repos\ExpressApp1\ExpressApp1\bin\tests\ServerTests.spec.js.map
C:\Users\wangwei121\source\repos\ExpressApp1\ExpressApp1\bin\tools\janitor.js
C:\Users\wangwei121\source\repos\ExpressApp1\ExpressApp1\bin\tools\janitor.js.map
C:\Users\wangwei121\source\repos\ExpressApp1\ExpressApp1\bin\tools\QueryUsers.js
C:\Users\wangwei121\source\repos\ExpressApp1\ExpressApp1\bin\tools\QueryUsers.js.map
C:\Users\wangwei121\source\repos\ExpressApp1\ExpressApp1\bin\tools\SigninCopy.js
C:\Users\wangwei121\source\repos\ExpressApp1\ExpressApp1\bin\tools\SigninCopy.js.map
