D:\MEE_mDB_active\Dev\ExpressApp1(1)\ExpressApp1\bin\utilities.js
D:\MEE_mDB_active\Dev\ExpressApp1(1)\ExpressApp1\bin\utilities.js.map
D:\MEE_mDB_active\Dev\ExpressApp1(1)\ExpressApp1\bin\Config.js
D:\MEE_mDB_active\Dev\ExpressApp1(1)\ExpressApp1\bin\Config.js.map
D:\MEE_mDB_active\Dev\ExpressApp1(1)\ExpressApp1\bin\core\environment.js
D:\MEE_mDB_active\Dev\ExpressApp1(1)\ExpressApp1\bin\core\environment.js.map
D:\MEE_mDB_active\Dev\ExpressApp1(1)\ExpressApp1\bin\core\entityConverter.js
D:\MEE_mDB_active\Dev\ExpressApp1(1)\ExpressApp1\bin\core\entityConverter.js.map
D:\MEE_mDB_active\Dev\ExpressApp1(1)\ExpressApp1\bin\AzureTable.js
D:\MEE_mDB_active\Dev\ExpressApp1(1)\ExpressApp1\bin\AzureTable.js.map
D:\MEE_mDB_active\Dev\ExpressApp1(1)\ExpressApp1\bin\StorageConfig.js
D:\MEE_mDB_active\Dev\ExpressApp1(1)\ExpressApp1\bin\StorageConfig.js.map
D:\MEE_mDB_active\Dev\ExpressApp1(1)\ExpressApp1\bin\StorageConfig_mongo.js
D:\MEE_mDB_active\Dev\ExpressApp1(1)\ExpressApp1\bin\StorageConfig_mongo.js.map
D:\MEE_mDB_active\Dev\ExpressApp1(1)\ExpressApp1\bin\AzureHelper.js
D:\MEE_mDB_active\Dev\ExpressApp1(1)\ExpressApp1\bin\AzureHelper.js.map
D:\MEE_mDB_active\Dev\ExpressApp1(1)\ExpressApp1\bin\MeeReceiptsTable.js
D:\MEE_mDB_active\Dev\ExpressApp1(1)\ExpressApp1\bin\MeeReceiptsTable.js.map
D:\MEE_mDB_active\Dev\ExpressApp1(1)\ExpressApp1\bin\BusinessStoreService.js
D:\MEE_mDB_active\Dev\ExpressApp1(1)\ExpressApp1\bin\BusinessStoreService.js.map
D:\MEE_mDB_active\Dev\ExpressApp1(1)\ExpressApp1\bin\LicenseManager.js
D:\MEE_mDB_active\Dev\ExpressApp1(1)\ExpressApp1\bin\LicenseManager.js.map
D:\MEE_mDB_active\Dev\ExpressApp1(1)\ExpressApp1\bin\core\guid.js
D:\MEE_mDB_active\Dev\ExpressApp1(1)\ExpressApp1\bin\core\guid.js.map
D:\MEE_mDB_active\Dev\ExpressApp1(1)\ExpressApp1\bin\MeeUserTable.js
D:\MEE_mDB_active\Dev\ExpressApp1(1)\ExpressApp1\bin\MeeUserTable.js.map
D:\MEE_mDB_active\Dev\ExpressApp1(1)\ExpressApp1\bin\MeeSignInTable.js
D:\MEE_mDB_active\Dev\ExpressApp1(1)\ExpressApp1\bin\MeeSignInTable.js.map
D:\MEE_mDB_active\Dev\ExpressApp1(1)\ExpressApp1\bin\Protocol.js
D:\MEE_mDB_active\Dev\ExpressApp1(1)\ExpressApp1\bin\Protocol.js.map
D:\MEE_mDB_active\Dev\ExpressApp1(1)\ExpressApp1\bin\Experience.js
D:\MEE_mDB_active\Dev\ExpressApp1(1)\ExpressApp1\bin\Experience.js.map
D:\MEE_mDB_active\Dev\ExpressApp1(1)\ExpressApp1\bin\MEEServices.js
D:\MEE_mDB_active\Dev\ExpressApp1(1)\ExpressApp1\bin\MEEServices.js.map
D:\MEE_mDB_active\Dev\ExpressApp1(1)\ExpressApp1\bin\Logger.js
D:\MEE_mDB_active\Dev\ExpressApp1(1)\ExpressApp1\bin\Logger.js.map
D:\MEE_mDB_active\Dev\ExpressApp1(1)\ExpressApp1\bin\AAD.js
D:\MEE_mDB_active\Dev\ExpressApp1(1)\ExpressApp1\bin\AAD.js.map
D:\MEE_mDB_active\Dev\ExpressApp1(1)\ExpressApp1\bin\AADTokens.js
D:\MEE_mDB_active\Dev\ExpressApp1(1)\ExpressApp1\bin\AADTokens.js.map
D:\MEE_mDB_active\Dev\ExpressApp1(1)\ExpressApp1\bin\AppInsights.js
D:\MEE_mDB_active\Dev\ExpressApp1(1)\ExpressApp1\bin\AppInsights.js.map
D:\MEE_mDB_active\Dev\ExpressApp1(1)\ExpressApp1\bin\AzureBlob.js
D:\MEE_mDB_active\Dev\ExpressApp1(1)\ExpressApp1\bin\AzureBlob.js.map
D:\MEE_mDB_active\Dev\ExpressApp1(1)\ExpressApp1\bin\server.js
D:\MEE_mDB_active\Dev\ExpressApp1(1)\ExpressApp1\bin\server.js.map
D:\MEE_mDB_active\Dev\ExpressApp1(1)\ExpressApp1\bin\tools\janitor.js
D:\MEE_mDB_active\Dev\ExpressApp1(1)\ExpressApp1\bin\tools\janitor.js.map
D:\MEE_mDB_active\Dev\ExpressApp1(1)\ExpressApp1\bin\tools\RandomGenerator.js
D:\MEE_mDB_active\Dev\ExpressApp1(1)\ExpressApp1\bin\tools\RandomGenerator.js.map
D:\MEE_mDB_active\Dev\ExpressApp1(1)\ExpressApp1\bin\tools\QueryUsers.js
D:\MEE_mDB_active\Dev\ExpressApp1(1)\ExpressApp1\bin\tools\QueryUsers.js.map
D:\MEE_mDB_active\Dev\ExpressApp1(1)\ExpressApp1\bin\tools\SigninCopy.js
D:\MEE_mDB_active\Dev\ExpressApp1(1)\ExpressApp1\bin\tools\SigninCopy.js.map
D:\MEE_mDB_active\Dev\ExpressApp1(1)\ExpressApp1\bin\tools\UserCopy.js
D:\MEE_mDB_active\Dev\ExpressApp1(1)\ExpressApp1\bin\tools\UserCopy.js.map
